[2025-10-15T08:57:17.960+0000] {taskinstance.py:1956} INFO - Dependencies all met for dep_context=non-requeueable deps ti=<TaskInstance: mlops_level1_pipeline.ingest_data scheduled__2024-01-01T00:00:00+00:00 [queued]>
[2025-10-15T08:57:17.970+0000] {taskinstance.py:1956} INFO - Dependencies all met for dep_context=requeueable deps ti=<TaskInstance: mlops_level1_pipeline.ingest_data scheduled__2024-01-01T00:00:00+00:00 [queued]>
[2025-10-15T08:57:17.971+0000] {taskinstance.py:2170} INFO - Starting attempt 1 of 4
[2025-10-15T08:57:17.986+0000] {taskinstance.py:2191} INFO - Executing <Task(BashOperator): ingest_data> on 2024-01-01 00:00:00+00:00
[2025-10-15T08:57:17.994+0000] {standard_task_runner.py:60} INFO - Started process 633 to run task
[2025-10-15T08:57:17.998+0000] {standard_task_runner.py:87} INFO - Running: ['***', 'tasks', 'run', 'mlops_level1_pipeline', 'ingest_data', 'scheduled__2024-01-01T00:00:00+00:00', '--job-id', '7', '--raw', '--subdir', 'DAGS_FOLDER/mlops_level1_pipeline.py', '--cfg-path', '/tmp/tmpsi6_vorw']
[2025-10-15T08:57:18.000+0000] {standard_task_runner.py:88} INFO - Job 7: Subtask ingest_data
[2025-10-15T08:57:18.086+0000] {task_command.py:423} INFO - Running <TaskInstance: mlops_level1_pipeline.ingest_data scheduled__2024-01-01T00:00:00+00:00 [running]> on host cd6417cd872f
[2025-10-15T08:57:18.164+0000] {taskinstance.py:2480} INFO - Exporting env vars: AIRFLOW_CTX_DAG_OWNER='naoufal' AIRFLOW_CTX_DAG_ID='mlops_level1_pipeline' AIRFLOW_CTX_TASK_ID='ingest_data' AIRFLOW_CTX_EXECUTION_DATE='2024-01-01T00:00:00+00:00' AIRFLOW_CTX_TRY_NUMBER='1' AIRFLOW_CTX_DAG_RUN_ID='scheduled__2024-01-01T00:00:00+00:00'
[2025-10-15T08:57:18.166+0000] {subprocess.py:63} INFO - Tmp dir root location: /tmp
[2025-10-15T08:57:18.168+0000] {subprocess.py:75} INFO - Running command: ['/usr/bin/bash', '-c', 'python /opt/***/data/ingest_kaggle.py']
[2025-10-15T08:57:18.183+0000] {subprocess.py:86} INFO - Output:
[2025-10-15T08:57:18.823+0000] {subprocess.py:93} INFO - 2025-10-15 08:57:18,822 - INFO - Downloading dataset 'jockeroika/life-style-data' to data/raw...
[2025-10-15T08:57:18.971+0000] {subprocess.py:93} INFO - /home/***/.local/lib/python3.9/site-packages/urllib3/connectionpool.py:1061: InsecureRequestWarning: Unverified HTTPS request is being made to host 'www.kaggle.com'. Adding certificate verification is strongly advised. See: https://urllib3.readthedocs.io/en/1.26.x/advanced-usage.html#ssl-warnings
[2025-10-15T08:57:18.972+0000] {subprocess.py:93} INFO -   warnings.warn(
[2025-10-15T08:57:19.299+0000] {subprocess.py:93} INFO - /home/***/.local/lib/python3.9/site-packages/urllib3/connectionpool.py:1061: InsecureRequestWarning: Unverified HTTPS request is being made to host 'storage.googleapis.com'. Adding certificate verification is strongly advised. See: https://urllib3.readthedocs.io/en/1.26.x/advanced-usage.html#ssl-warnings
[2025-10-15T08:57:19.300+0000] {subprocess.py:93} INFO -   warnings.warn(
[2025-10-15T08:57:20.286+0000] {subprocess.py:93} INFO - 2025-10-15 08:57:20,285 - INFO - Files in zip archive: ['Final_data.csv', 'meal_metadata.csv']
[2025-10-15T08:57:20.344+0000] {subprocess.py:93} INFO - 2025-10-15 08:57:20,344 - INFO - Download and extraction complete.
[2025-10-15T08:57:20.544+0000] {subprocess.py:93} INFO - Dataset head:
[2025-10-15T08:57:20.545+0000] {subprocess.py:93} INFO -      Age  Gender  ...  Burns Calories (per 30 min)_bc  Burns_Calories_Bin
[2025-10-15T08:57:20.546+0000] {subprocess.py:93} INFO - 0  34.91    Male  ...                    7.260425e+19              Medium
[2025-10-15T08:57:20.547+0000] {subprocess.py:93} INFO - 1  23.37  Female  ...                    1.020506e+20                High
[2025-10-15T08:57:20.548+0000] {subprocess.py:93} INFO - 2  33.20  Female  ...                    1.079607e+20                High
[2025-10-15T08:57:20.548+0000] {subprocess.py:93} INFO - 3  38.69  Female  ...                    8.987921e+19                High
[2025-10-15T08:57:20.549+0000] {subprocess.py:93} INFO - 4  45.09    Male  ...                    5.264685e+19                 Low
[2025-10-15T08:57:20.549+0000] {subprocess.py:93} INFO - 
[2025-10-15T08:57:20.550+0000] {subprocess.py:93} INFO - [5 rows x 54 columns]
[2025-10-15T08:57:20.617+0000] {subprocess.py:97} INFO - Command exited with return code 0
[2025-10-15T08:57:20.646+0000] {taskinstance.py:1138} INFO - Marking task as SUCCESS. dag_id=mlops_level1_pipeline, task_id=ingest_data, execution_date=20240101T000000, start_date=20251015T085717, end_date=20251015T085720
[2025-10-15T08:57:20.668+0000] {local_task_job_runner.py:234} INFO - Task exited with return code 0
[2025-10-15T08:57:20.695+0000] {taskinstance.py:3280} INFO - 1 downstream tasks scheduled from follow-on schedule check
