[2025-10-15T08:55:25.259+0000] {taskinstance.py:1956} INFO - Dependencies all met for dep_context=non-requeueable deps ti=<TaskInstance: mlops_level1_pipeline.download_dataset scheduled__2024-01-01T00:00:00+00:00 [queued]>
[2025-10-15T08:55:25.270+0000] {taskinstance.py:1956} INFO - Dependencies all met for dep_context=requeueable deps ti=<TaskInstance: mlops_level1_pipeline.download_dataset scheduled__2024-01-01T00:00:00+00:00 [queued]>
[2025-10-15T08:55:25.271+0000] {taskinstance.py:2170} INFO - Starting attempt 1 of 4
[2025-10-15T08:55:25.289+0000] {taskinstance.py:2191} INFO - Executing <Task(BashOperator): download_dataset> on 2024-01-01 00:00:00+00:00
[2025-10-15T08:55:25.303+0000] {standard_task_runner.py:60} INFO - Started process 538 to run task
[2025-10-15T08:55:25.307+0000] {standard_task_runner.py:87} INFO - Running: ['***', 'tasks', 'run', 'mlops_level1_pipeline', 'download_dataset', 'scheduled__2024-01-01T00:00:00+00:00', '--job-id', '4', '--raw', '--subdir', 'DAGS_FOLDER/mlops_level1_pipeline.py', '--cfg-path', '/tmp/tmpssf68fud']
[2025-10-15T08:55:25.311+0000] {standard_task_runner.py:88} INFO - Job 4: Subtask download_dataset
[2025-10-15T08:55:25.403+0000] {task_command.py:423} INFO - Running <TaskInstance: mlops_level1_pipeline.download_dataset scheduled__2024-01-01T00:00:00+00:00 [running]> on host cd6417cd872f
[2025-10-15T08:55:25.538+0000] {taskinstance.py:2480} INFO - Exporting env vars: AIRFLOW_CTX_DAG_OWNER='naoufal' AIRFLOW_CTX_DAG_ID='mlops_level1_pipeline' AIRFLOW_CTX_TASK_ID='download_dataset' AIRFLOW_CTX_EXECUTION_DATE='2024-01-01T00:00:00+00:00' AIRFLOW_CTX_TRY_NUMBER='1' AIRFLOW_CTX_DAG_RUN_ID='scheduled__2024-01-01T00:00:00+00:00'
[2025-10-15T08:55:25.543+0000] {subprocess.py:63} INFO - Tmp dir root location: /tmp
[2025-10-15T08:55:25.557+0000] {subprocess.py:75} INFO - Running command: ['/usr/bin/bash', '-c', 'python /opt/***/data/ingest_kaggle.py']
[2025-10-15T08:55:25.588+0000] {subprocess.py:86} INFO - Output:
[2025-10-15T08:55:26.393+0000] {subprocess.py:93} INFO - 2025-10-15 08:55:26,393 - INFO - Downloading dataset 'jockeroika/life-style-data' to data/raw...
[2025-10-15T08:55:26.555+0000] {subprocess.py:93} INFO - /home/***/.local/lib/python3.9/site-packages/urllib3/connectionpool.py:1061: InsecureRequestWarning: Unverified HTTPS request is being made to host 'www.kaggle.com'. Adding certificate verification is strongly advised. See: https://urllib3.readthedocs.io/en/1.26.x/advanced-usage.html#ssl-warnings
[2025-10-15T08:55:26.556+0000] {subprocess.py:93} INFO -   warnings.warn(
[2025-10-15T08:55:26.897+0000] {subprocess.py:93} INFO - /home/***/.local/lib/python3.9/site-packages/urllib3/connectionpool.py:1061: InsecureRequestWarning: Unverified HTTPS request is being made to host 'storage.googleapis.com'. Adding certificate verification is strongly advised. See: https://urllib3.readthedocs.io/en/1.26.x/advanced-usage.html#ssl-warnings
[2025-10-15T08:55:26.897+0000] {subprocess.py:93} INFO -   warnings.warn(
[2025-10-15T08:55:27.724+0000] {subprocess.py:93} INFO - 2025-10-15 08:55:27,724 - INFO - Files in zip archive: ['Final_data.csv', 'meal_metadata.csv']
[2025-10-15T08:55:27.784+0000] {subprocess.py:93} INFO - 2025-10-15 08:55:27,784 - INFO - Download and extraction complete.
[2025-10-15T08:55:27.993+0000] {subprocess.py:93} INFO - Dataset head:
[2025-10-15T08:55:27.994+0000] {subprocess.py:93} INFO -      Age  Gender  ...  Burns Calories (per 30 min)_bc  Burns_Calories_Bin
[2025-10-15T08:55:27.995+0000] {subprocess.py:93} INFO - 0  34.91    Male  ...                    7.260425e+19              Medium
[2025-10-15T08:55:27.995+0000] {subprocess.py:93} INFO - 1  23.37  Female  ...                    1.020506e+20                High
[2025-10-15T08:55:27.996+0000] {subprocess.py:93} INFO - 2  33.20  Female  ...                    1.079607e+20                High
[2025-10-15T08:55:27.997+0000] {subprocess.py:93} INFO - 3  38.69  Female  ...                    8.987921e+19                High
[2025-10-15T08:55:27.998+0000] {subprocess.py:93} INFO - 4  45.09    Male  ...                    5.264685e+19                 Low
[2025-10-15T08:55:27.999+0000] {subprocess.py:93} INFO - 
[2025-10-15T08:55:28.000+0000] {subprocess.py:93} INFO - [5 rows x 54 columns]
[2025-10-15T08:55:28.076+0000] {subprocess.py:97} INFO - Command exited with return code 0
[2025-10-15T08:55:28.106+0000] {taskinstance.py:1138} INFO - Marking task as SUCCESS. dag_id=mlops_level1_pipeline, task_id=download_dataset, execution_date=20240101T000000, start_date=20251015T085525, end_date=20251015T085528
[2025-10-15T08:55:28.136+0000] {local_task_job_runner.py:234} INFO - Task exited with return code 0
[2025-10-15T08:55:28.155+0000] {taskinstance.py:3280} INFO - 0 downstream tasks scheduled from follow-on schedule check
