[2025-10-15T08:17:26.331+0000] {manager.py:469} INFO - Processing files using up to 2 processes at a time 
[2025-10-15T08:17:26.334+0000] {manager.py:470} INFO - Process each file at most once every 30 seconds
[2025-10-15T08:17:26.337+0000] {manager.py:471} INFO - Checking for new files in /opt/airflow/dags every 300 seconds
[2025-10-15T08:17:26.339+0000] {manager.py:738} INFO - Searching for files in /opt/airflow/dags
[2025-10-15T08:17:26.383+0000] {manager.py:741} INFO - There are 1 files in /opt/airflow/dags
[2025-10-15T08:17:26.639+0000] {manager.py:879} INFO - 
================================================================================
DAG File Processing Stats

File Path                                     PID  Runtime      # DAGs    # Errors  Last Runtime    Last Run
------------------------------------------  -----  ---------  --------  ----------  --------------  ----------
/opt/airflow/dags/mlops_level1_pipeline.py    156  0.13s             0           0
================================================================================
[2025-10-15T08:17:56.897+0000] {manager.py:879} INFO - 
================================================================================
DAG File Processing Stats

File Path                                   PID    Runtime      # DAGs    # Errors  Last Runtime    Last Run
------------------------------------------  -----  ---------  --------  ----------  --------------  -------------------
/opt/airflow/dags/mlops_level1_pipeline.py                           1           0  6.73s           2025-10-15T08:17:33
================================================================================
[2025-10-15T08:18:27.094+0000] {manager.py:879} INFO - 
================================================================================
DAG File Processing Stats

File Path                                   PID    Runtime      # DAGs    # Errors  Last Runtime    Last Run
------------------------------------------  -----  ---------  --------  ----------  --------------  -------------------
/opt/airflow/dags/mlops_level1_pipeline.py                           1           0  2.87s           2025-10-15T08:18:06
================================================================================
[2025-10-15T08:18:57.280+0000] {manager.py:879} INFO - 
================================================================================
DAG File Processing Stats

File Path                                   PID    Runtime      # DAGs    # Errors  Last Runtime    Last Run
------------------------------------------  -----  ---------  --------  ----------  --------------  -------------------
/opt/airflow/dags/mlops_level1_pipeline.py                           1           0  1.56s           2025-10-15T08:18:38
================================================================================
[2025-10-15T08:19:27.543+0000] {manager.py:879} INFO - 
================================================================================
DAG File Processing Stats

File Path                                   PID    Runtime      # DAGs    # Errors  Last Runtime    Last Run
------------------------------------------  -----  ---------  --------  ----------  --------------  -------------------
/opt/airflow/dags/mlops_level1_pipeline.py                           1           0  2.10s           2025-10-15T08:19:10
================================================================================
[2025-10-15T08:19:57.827+0000] {manager.py:879} INFO - 
================================================================================
DAG File Processing Stats

File Path                                   PID    Runtime      # DAGs    # Errors  Last Runtime    Last Run
------------------------------------------  -----  ---------  --------  ----------  --------------  -------------------
/opt/airflow/dags/mlops_level1_pipeline.py                           1           0  1.71s           2025-10-15T08:19:42
================================================================================
[2025-10-15T08:20:28.711+0000] {manager.py:879} INFO - 
================================================================================
DAG File Processing Stats

File Path                                   PID    Runtime      # DAGs    # Errors  Last Runtime    Last Run
------------------------------------------  -----  ---------  --------  ----------  --------------  -------------------
/opt/airflow/dags/mlops_level1_pipeline.py                           1           0  2.06s           2025-10-15T08:20:14
================================================================================
[2025-10-15T08:20:58.775+0000] {manager.py:879} INFO - 
================================================================================
DAG File Processing Stats

File Path                                   PID    Runtime      # DAGs    # Errors  Last Runtime    Last Run
------------------------------------------  -----  ---------  --------  ----------  --------------  -------------------
/opt/airflow/dags/mlops_level1_pipeline.py                           1           0  2.85s           2025-10-15T08:20:47
================================================================================
[2025-10-15T08:21:29.155+0000] {manager.py:879} INFO - 
================================================================================
DAG File Processing Stats

File Path                                   PID    Runtime      # DAGs    # Errors  Last Runtime    Last Run
------------------------------------------  -----  ---------  --------  ----------  --------------  -------------------
/opt/airflow/dags/mlops_level1_pipeline.py                           1           0  2.25s           2025-10-15T08:21:20
================================================================================
[2025-10-15T08:21:59.420+0000] {manager.py:879} INFO - 
================================================================================
DAG File Processing Stats

File Path                                   PID    Runtime      # DAGs    # Errors  Last Runtime    Last Run
------------------------------------------  -----  ---------  --------  ----------  --------------  -------------------
/opt/airflow/dags/mlops_level1_pipeline.py                           1           0  2.11s           2025-10-15T08:21:52
================================================================================
[2025-10-15T08:22:26.537+0000] {manager.py:738} INFO - Searching for files in /opt/airflow/dags
[2025-10-15T08:22:26.560+0000] {manager.py:741} INFO - There are 1 files in /opt/airflow/dags
[2025-10-15T08:22:29.594+0000] {manager.py:879} INFO - 
================================================================================
DAG File Processing Stats

File Path                                   PID    Runtime      # DAGs    # Errors  Last Runtime    Last Run
------------------------------------------  -----  ---------  --------  ----------  --------------  -------------------
/opt/airflow/dags/mlops_level1_pipeline.py                           1           0  1.95s           2025-10-15T08:22:24
================================================================================
[2025-10-15T08:22:59.834+0000] {manager.py:879} INFO - 
================================================================================
DAG File Processing Stats

File Path                                   PID    Runtime      # DAGs    # Errors  Last Runtime    Last Run
------------------------------------------  -----  ---------  --------  ----------  --------------  -------------------
/opt/airflow/dags/mlops_level1_pipeline.py                           1           0  2.06s           2025-10-15T08:22:56
================================================================================
[2025-10-15T08:23:30.063+0000] {manager.py:879} INFO - 
================================================================================
DAG File Processing Stats

File Path                                   PID    Runtime      # DAGs    # Errors  Last Runtime    Last Run
------------------------------------------  -----  ---------  --------  ----------  --------------  -------------------
/opt/airflow/dags/mlops_level1_pipeline.py                           1           0  1.54s           2025-10-15T08:23:28
================================================================================
[2025-10-15T08:24:00.266+0000] {manager.py:879} INFO - 
================================================================================
DAG File Processing Stats

File Path                                     PID  Runtime      # DAGs    # Errors  Last Runtime    Last Run
------------------------------------------  -----  ---------  --------  ----------  --------------  -------------------
/opt/airflow/dags/mlops_level1_pipeline.py    333  1.48s             1           0  1.54s           2025-10-15T08:23:28
================================================================================
[2025-10-15T08:24:30.480+0000] {manager.py:879} INFO - 
================================================================================
DAG File Processing Stats

File Path                                   PID    Runtime      # DAGs    # Errors  Last Runtime    Last Run
------------------------------------------  -----  ---------  --------  ----------  --------------  -------------------
/opt/airflow/dags/mlops_level1_pipeline.py                           1           0  1.97s           2025-10-15T08:24:00
================================================================================
[2025-10-15T08:25:00.678+0000] {manager.py:879} INFO - 
================================================================================
DAG File Processing Stats

File Path                                   PID    Runtime      # DAGs    # Errors  Last Runtime    Last Run
------------------------------------------  -----  ---------  --------  ----------  --------------  -------------------
/opt/airflow/dags/mlops_level1_pipeline.py                           1           0  1.64s           2025-10-15T08:24:32
================================================================================
[2025-10-15T08:25:30.960+0000] {manager.py:879} INFO - 
================================================================================
DAG File Processing Stats

File Path                                   PID    Runtime      # DAGs    # Errors  Last Runtime    Last Run
------------------------------------------  -----  ---------  --------  ----------  --------------  -------------------
/opt/airflow/dags/mlops_level1_pipeline.py                           1           0  1.53s           2025-10-15T08:25:04
================================================================================
[2025-10-15T08:26:01.166+0000] {manager.py:879} INFO - 
================================================================================
DAG File Processing Stats

File Path                                   PID    Runtime      # DAGs    # Errors  Last Runtime    Last Run
------------------------------------------  -----  ---------  --------  ----------  --------------  -------------------
/opt/airflow/dags/mlops_level1_pipeline.py                           1           0  1.78s           2025-10-15T08:25:36
================================================================================
[2025-10-15T08:26:31.388+0000] {manager.py:879} INFO - 
================================================================================
DAG File Processing Stats

File Path                                   PID    Runtime      # DAGs    # Errors  Last Runtime    Last Run
------------------------------------------  -----  ---------  --------  ----------  --------------  -------------------
/opt/airflow/dags/mlops_level1_pipeline.py                           1           0  1.86s           2025-10-15T08:26:08
================================================================================
[2025-10-15T08:27:01.660+0000] {manager.py:879} INFO - 
================================================================================
DAG File Processing Stats

File Path                                   PID    Runtime      # DAGs    # Errors  Last Runtime    Last Run
------------------------------------------  -----  ---------  --------  ----------  --------------  -------------------
/opt/airflow/dags/mlops_level1_pipeline.py                           1           0  2.56s           2025-10-15T08:26:41
================================================================================
[2025-10-15T08:27:26.838+0000] {manager.py:738} INFO - Searching for files in /opt/airflow/dags
[2025-10-15T08:27:26.862+0000] {manager.py:741} INFO - There are 1 files in /opt/airflow/dags
[2025-10-15T08:27:31.905+0000] {manager.py:879} INFO - 
================================================================================
DAG File Processing Stats

File Path                                   PID    Runtime      # DAGs    # Errors  Last Runtime    Last Run
------------------------------------------  -----  ---------  --------  ----------  --------------  -------------------
/opt/airflow/dags/mlops_level1_pipeline.py                           1           0  1.80s           2025-10-15T08:27:13
================================================================================
[2025-10-15T08:28:02.027+0000] {manager.py:879} INFO - 
================================================================================
DAG File Processing Stats

File Path                                   PID    Runtime      # DAGs    # Errors  Last Runtime    Last Run
------------------------------------------  -----  ---------  --------  ----------  --------------  -------------------
/opt/airflow/dags/mlops_level1_pipeline.py                           1           0  1.67s           2025-10-15T08:27:44
================================================================================
[2025-10-15T08:28:32.571+0000] {manager.py:879} INFO - 
================================================================================
DAG File Processing Stats

File Path                                   PID    Runtime      # DAGs    # Errors  Last Runtime    Last Run
------------------------------------------  -----  ---------  --------  ----------  --------------  -------------------
/opt/airflow/dags/mlops_level1_pipeline.py                           1           0  1.51s           2025-10-15T08:28:16
================================================================================
[2025-10-15T08:29:02.900+0000] {manager.py:879} INFO - 
================================================================================
DAG File Processing Stats

File Path                                   PID    Runtime      # DAGs    # Errors  Last Runtime    Last Run
------------------------------------------  -----  ---------  --------  ----------  --------------  -------------------
/opt/airflow/dags/mlops_level1_pipeline.py                           1           0  1.62s           2025-10-15T08:28:48
================================================================================
[2025-10-15T08:29:33.107+0000] {manager.py:879} INFO - 
================================================================================
DAG File Processing Stats

File Path                                   PID    Runtime      # DAGs    # Errors  Last Runtime    Last Run
------------------------------------------  -----  ---------  --------  ----------  --------------  -------------------
/opt/airflow/dags/mlops_level1_pipeline.py                           1           0  1.51s           2025-10-15T08:29:20
================================================================================
[2025-10-15T08:30:03.339+0000] {manager.py:879} INFO - 
================================================================================
DAG File Processing Stats

File Path                                   PID    Runtime      # DAGs    # Errors  Last Runtime    Last Run
------------------------------------------  -----  ---------  --------  ----------  --------------  -------------------
/opt/airflow/dags/mlops_level1_pipeline.py                           1           0  1.48s           2025-10-15T08:29:51
================================================================================
[2025-10-15T08:30:33.533+0000] {manager.py:879} INFO - 
================================================================================
DAG File Processing Stats

File Path                                   PID    Runtime      # DAGs    # Errors  Last Runtime    Last Run
------------------------------------------  -----  ---------  --------  ----------  --------------  -------------------
/opt/airflow/dags/mlops_level1_pipeline.py                           1           0  1.53s           2025-10-15T08:30:23
================================================================================
[2025-10-15T08:31:03.647+0000] {manager.py:879} INFO - 
================================================================================
DAG File Processing Stats

File Path                                   PID    Runtime      # DAGs    # Errors  Last Runtime    Last Run
------------------------------------------  -----  ---------  --------  ----------  --------------  -------------------
/opt/airflow/dags/mlops_level1_pipeline.py                           1           0  1.92s           2025-10-15T08:30:55
================================================================================
[2025-10-15T08:31:34.386+0000] {manager.py:879} INFO - 
================================================================================
DAG File Processing Stats

File Path                                     PID  Runtime      # DAGs    # Errors  Last Runtime    Last Run
------------------------------------------  -----  ---------  --------  ----------  --------------  -------------------
/opt/airflow/dags/mlops_level1_pipeline.py    515  8.47s             1           0  1.92s           2025-10-15T08:30:55
================================================================================
[2025-10-15T08:32:04.451+0000] {manager.py:879} INFO - 
================================================================================
DAG File Processing Stats

File Path                                   PID    Runtime      # DAGs    # Errors  Last Runtime    Last Run
------------------------------------------  -----  ---------  --------  ----------  --------------  -------------------
/opt/airflow/dags/mlops_level1_pipeline.py                           1           0  11.89s          2025-10-15T08:31:37
================================================================================
[2025-10-15T08:32:26.979+0000] {manager.py:738} INFO - Searching for files in /opt/airflow/dags
[2025-10-15T08:32:27.343+0000] {manager.py:741} INFO - There are 1 files in /opt/airflow/dags
[2025-10-15T08:32:34.551+0000] {manager.py:879} INFO - 
================================================================================
DAG File Processing Stats

File Path                                   PID    Runtime      # DAGs    # Errors  Last Runtime    Last Run
------------------------------------------  -----  ---------  --------  ----------  --------------  -------------------
/opt/airflow/dags/mlops_level1_pipeline.py                           1           0  8.44s           2025-10-15T08:32:16
================================================================================
[2025-10-15T08:33:04.636+0000] {manager.py:879} INFO - 
================================================================================
DAG File Processing Stats

File Path                                   PID    Runtime      # DAGs    # Errors  Last Runtime    Last Run
------------------------------------------  -----  ---------  --------  ----------  --------------  -------------------
/opt/airflow/dags/mlops_level1_pipeline.py                           1           0  8.50s           2025-10-15T08:32:55
================================================================================
[2025-10-15T08:33:34.959+0000] {manager.py:879} INFO - 
================================================================================
DAG File Processing Stats

File Path                                     PID  Runtime      # DAGs    # Errors  Last Runtime    Last Run
------------------------------------------  -----  ---------  --------  ----------  --------------  -------------------
/opt/airflow/dags/mlops_level1_pipeline.py    554  9.27s             1           0  8.50s           2025-10-15T08:32:55
================================================================================
[2025-10-15T08:34:05.802+0000] {manager.py:879} INFO - 
================================================================================
DAG File Processing Stats

File Path                                     PID  Runtime      # DAGs    # Errors  Last Runtime    Last Run
------------------------------------------  -----  ---------  --------  ----------  --------------  -------------------
/opt/airflow/dags/mlops_level1_pipeline.py    567  0.01s             1           0  9.31s           2025-10-15T08:33:35
================================================================================
[2025-10-15T08:34:36.184+0000] {manager.py:879} INFO - 
================================================================================
DAG File Processing Stats

File Path                                   PID    Runtime      # DAGs    # Errors  Last Runtime    Last Run
------------------------------------------  -----  ---------  --------  ----------  --------------  -------------------
/opt/airflow/dags/mlops_level1_pipeline.py                           1           0  8.94s           2025-10-15T08:34:14
================================================================================
[2025-10-15T08:35:06.308+0000] {manager.py:879} INFO - 
================================================================================
DAG File Processing Stats

File Path                                   PID    Runtime      # DAGs    # Errors  Last Runtime    Last Run
------------------------------------------  -----  ---------  --------  ----------  --------------  -------------------
/opt/airflow/dags/mlops_level1_pipeline.py                           1           0  9.03s           2025-10-15T08:34:53
================================================================================
[2025-10-15T08:35:36.521+0000] {manager.py:879} INFO - 
================================================================================
DAG File Processing Stats

File Path                                   PID    Runtime      # DAGs    # Errors  Last Runtime    Last Run
------------------------------------------  -----  ---------  --------  ----------  --------------  -------------------
/opt/airflow/dags/mlops_level1_pipeline.py                           1           0  9.10s           2025-10-15T08:35:33
================================================================================
[2025-10-15T08:36:06.743+0000] {manager.py:879} INFO - 
================================================================================
DAG File Processing Stats

File Path                                     PID  Runtime      # DAGs    # Errors  Last Runtime    Last Run
------------------------------------------  -----  ---------  --------  ----------  --------------  -------------------
/opt/airflow/dags/mlops_level1_pipeline.py    606  3.07s             1           0  9.10s           2025-10-15T08:35:33
================================================================================
[2025-10-15T08:36:36.833+0000] {manager.py:879} INFO - 
================================================================================
DAG File Processing Stats

File Path                                   PID    Runtime      # DAGs    # Errors  Last Runtime    Last Run
------------------------------------------  -----  ---------  --------  ----------  --------------  -------------------
/opt/airflow/dags/mlops_level1_pipeline.py                           1           0  9.85s           2025-10-15T08:36:13
================================================================================
[2025-10-15T08:37:07.253+0000] {manager.py:879} INFO - 
================================================================================
DAG File Processing Stats

File Path                                   PID    Runtime      # DAGs    # Errors  Last Runtime    Last Run
------------------------------------------  -----  ---------  --------  ----------  --------------  -------------------
/opt/airflow/dags/mlops_level1_pipeline.py                           1           0  9.01s           2025-10-15T08:36:52
================================================================================
[2025-10-15T08:37:27.607+0000] {manager.py:738} INFO - Searching for files in /opt/airflow/dags
[2025-10-15T08:37:27.874+0000] {manager.py:741} INFO - There are 1 files in /opt/airflow/dags
[2025-10-15T08:37:37.600+0000] {manager.py:879} INFO - 
================================================================================
DAG File Processing Stats

File Path                                   PID    Runtime      # DAGs    # Errors  Last Runtime    Last Run
------------------------------------------  -----  ---------  --------  ----------  --------------  -------------------
/opt/airflow/dags/mlops_level1_pipeline.py                           1           0  7.96s           2025-10-15T08:37:31
================================================================================
[2025-10-15T08:38:07.860+0000] {manager.py:879} INFO - 
================================================================================
DAG File Processing Stats

File Path                                     PID  Runtime      # DAGs    # Errors  Last Runtime    Last Run
------------------------------------------  -----  ---------  --------  ----------  --------------  -------------------
/opt/airflow/dags/mlops_level1_pipeline.py    645  6.18s             1           0  7.96s           2025-10-15T08:37:31
================================================================================
[2025-10-15T08:38:38.528+0000] {manager.py:879} INFO - 
================================================================================
DAG File Processing Stats

File Path                                   PID    Runtime      # DAGs    # Errors  Last Runtime    Last Run
------------------------------------------  -----  ---------  --------  ----------  --------------  -------------------
/opt/airflow/dags/mlops_level1_pipeline.py                           1           0  8.06s           2025-10-15T08:38:09
================================================================================
[2025-10-15T08:39:09.270+0000] {manager.py:879} INFO - 
================================================================================
DAG File Processing Stats

File Path                                   PID    Runtime      # DAGs    # Errors  Last Runtime    Last Run
------------------------------------------  -----  ---------  --------  ----------  --------------  -------------------
/opt/airflow/dags/mlops_level1_pipeline.py                           1           0  10.47s          2025-10-15T08:38:50
================================================================================
[2025-10-15T08:39:39.529+0000] {manager.py:879} INFO - 
================================================================================
DAG File Processing Stats

File Path                                   PID    Runtime      # DAGs    # Errors  Last Runtime    Last Run
------------------------------------------  -----  ---------  --------  ----------  --------------  -------------------
/opt/airflow/dags/mlops_level1_pipeline.py                           1           0  9.85s           2025-10-15T08:39:31
================================================================================
[2025-10-15T08:40:09.712+0000] {manager.py:879} INFO - 
================================================================================
DAG File Processing Stats

File Path                                   PID    Runtime      # DAGs    # Errors  Last Runtime    Last Run
------------------------------------------  -----  ---------  --------  ----------  --------------  -------------------
/opt/airflow/dags/mlops_level1_pipeline.py                           1           0  1.93s           2025-10-15T08:40:03
================================================================================
