[2025-10-15T08:17:26.624+0000] {processor.py:161} INFO - Started process (PID=156) to work on /opt/airflow/dags/mlops_level1_pipeline.py
[2025-10-15T08:17:26.627+0000] {processor.py:830} INFO - Processing file /opt/airflow/dags/mlops_level1_pipeline.py for tasks to queue
[2025-10-15T08:17:26.630+0000] {logging_mixin.py:188} INFO - [2025-10-15T08:17:26.629+0000] {dagbag.py:538} INFO - Filling up the DagBag from /opt/airflow/dags/mlops_level1_pipeline.py
[2025-10-15T08:17:33.008+0000] {processor.py:840} INFO - DAG(s) 'mlops_level1_pipeline' retrieved from /opt/airflow/dags/mlops_level1_pipeline.py
[2025-10-15T08:17:33.049+0000] {logging_mixin.py:188} INFO - [2025-10-15T08:17:33.049+0000] {dag.py:3036} INFO - Sync 1 DAGs
[2025-10-15T08:17:33.070+0000] {logging_mixin.py:188} INFO - [2025-10-15T08:17:33.069+0000] {dag.py:3823} INFO - Setting next_dagrun for mlops_level1_pipeline to None, run_after=None
[2025-10-15T08:17:33.120+0000] {processor.py:183} INFO - Processing /opt/airflow/dags/mlops_level1_pipeline.py took 6.505 seconds
[2025-10-15T08:18:03.522+0000] {processor.py:161} INFO - Started process (PID=170) to work on /opt/airflow/dags/mlops_level1_pipeline.py
[2025-10-15T08:18:03.529+0000] {processor.py:830} INFO - Processing file /opt/airflow/dags/mlops_level1_pipeline.py for tasks to queue
[2025-10-15T08:18:03.531+0000] {logging_mixin.py:188} INFO - [2025-10-15T08:18:03.531+0000] {dagbag.py:538} INFO - Filling up the DagBag from /opt/airflow/dags/mlops_level1_pipeline.py
[2025-10-15T08:18:05.565+0000] {processor.py:840} INFO - DAG(s) 'mlops_level1_pipeline' retrieved from /opt/airflow/dags/mlops_level1_pipeline.py
[2025-10-15T08:18:06.141+0000] {logging_mixin.py:188} INFO - [2025-10-15T08:18:06.137+0000] {dag.py:3036} INFO - Sync 1 DAGs
[2025-10-15T08:18:06.187+0000] {logging_mixin.py:188} INFO - [2025-10-15T08:18:06.186+0000] {dag.py:3823} INFO - Setting next_dagrun for mlops_level1_pipeline to None, run_after=None
[2025-10-15T08:18:06.262+0000] {processor.py:183} INFO - Processing /opt/airflow/dags/mlops_level1_pipeline.py took 2.746 seconds
[2025-10-15T08:18:36.678+0000] {processor.py:161} INFO - Started process (PID=193) to work on /opt/airflow/dags/mlops_level1_pipeline.py
[2025-10-15T08:18:36.680+0000] {processor.py:830} INFO - Processing file /opt/airflow/dags/mlops_level1_pipeline.py for tasks to queue
[2025-10-15T08:18:36.682+0000] {logging_mixin.py:188} INFO - [2025-10-15T08:18:36.681+0000] {dagbag.py:538} INFO - Filling up the DagBag from /opt/airflow/dags/mlops_level1_pipeline.py
[2025-10-15T08:18:38.123+0000] {processor.py:840} INFO - DAG(s) 'mlops_level1_pipeline' retrieved from /opt/airflow/dags/mlops_level1_pipeline.py
[2025-10-15T08:18:38.155+0000] {logging_mixin.py:188} INFO - [2025-10-15T08:18:38.155+0000] {dag.py:3036} INFO - Sync 1 DAGs
[2025-10-15T08:18:38.170+0000] {logging_mixin.py:188} INFO - [2025-10-15T08:18:38.170+0000] {dag.py:3823} INFO - Setting next_dagrun for mlops_level1_pipeline to None, run_after=None
[2025-10-15T08:18:38.193+0000] {processor.py:183} INFO - Processing /opt/airflow/dags/mlops_level1_pipeline.py took 1.524 seconds
[2025-10-15T08:19:08.420+0000] {processor.py:161} INFO - Started process (PID=206) to work on /opt/airflow/dags/mlops_level1_pipeline.py
[2025-10-15T08:19:08.422+0000] {processor.py:830} INFO - Processing file /opt/airflow/dags/mlops_level1_pipeline.py for tasks to queue
[2025-10-15T08:19:08.424+0000] {logging_mixin.py:188} INFO - [2025-10-15T08:19:08.424+0000] {dagbag.py:538} INFO - Filling up the DagBag from /opt/airflow/dags/mlops_level1_pipeline.py
[2025-10-15T08:19:10.379+0000] {processor.py:840} INFO - DAG(s) 'mlops_level1_pipeline' retrieved from /opt/airflow/dags/mlops_level1_pipeline.py
[2025-10-15T08:19:10.417+0000] {logging_mixin.py:188} INFO - [2025-10-15T08:19:10.417+0000] {dag.py:3036} INFO - Sync 1 DAGs
[2025-10-15T08:19:10.433+0000] {logging_mixin.py:188} INFO - [2025-10-15T08:19:10.433+0000] {dag.py:3823} INFO - Setting next_dagrun for mlops_level1_pipeline to None, run_after=None
[2025-10-15T08:19:10.463+0000] {processor.py:183} INFO - Processing /opt/airflow/dags/mlops_level1_pipeline.py took 2.049 seconds
[2025-10-15T08:19:40.675+0000] {processor.py:161} INFO - Started process (PID=219) to work on /opt/airflow/dags/mlops_level1_pipeline.py
[2025-10-15T08:19:40.677+0000] {processor.py:830} INFO - Processing file /opt/airflow/dags/mlops_level1_pipeline.py for tasks to queue
[2025-10-15T08:19:40.678+0000] {logging_mixin.py:188} INFO - [2025-10-15T08:19:40.678+0000] {dagbag.py:538} INFO - Filling up the DagBag from /opt/airflow/dags/mlops_level1_pipeline.py
[2025-10-15T08:19:42.264+0000] {processor.py:840} INFO - DAG(s) 'mlops_level1_pipeline' retrieved from /opt/airflow/dags/mlops_level1_pipeline.py
[2025-10-15T08:19:42.300+0000] {logging_mixin.py:188} INFO - [2025-10-15T08:19:42.300+0000] {dag.py:3036} INFO - Sync 1 DAGs
[2025-10-15T08:19:42.319+0000] {logging_mixin.py:188} INFO - [2025-10-15T08:19:42.318+0000] {dag.py:3823} INFO - Setting next_dagrun for mlops_level1_pipeline to None, run_after=None
[2025-10-15T08:19:42.343+0000] {processor.py:183} INFO - Processing /opt/airflow/dags/mlops_level1_pipeline.py took 1.672 seconds
[2025-10-15T08:20:12.596+0000] {processor.py:161} INFO - Started process (PID=232) to work on /opt/airflow/dags/mlops_level1_pipeline.py
[2025-10-15T08:20:12.599+0000] {processor.py:830} INFO - Processing file /opt/airflow/dags/mlops_level1_pipeline.py for tasks to queue
[2025-10-15T08:20:12.600+0000] {logging_mixin.py:188} INFO - [2025-10-15T08:20:12.600+0000] {dagbag.py:538} INFO - Filling up the DagBag from /opt/airflow/dags/mlops_level1_pipeline.py
[2025-10-15T08:20:14.524+0000] {processor.py:840} INFO - DAG(s) 'mlops_level1_pipeline' retrieved from /opt/airflow/dags/mlops_level1_pipeline.py
[2025-10-15T08:20:14.560+0000] {logging_mixin.py:188} INFO - [2025-10-15T08:20:14.559+0000] {dag.py:3036} INFO - Sync 1 DAGs
[2025-10-15T08:20:14.576+0000] {logging_mixin.py:188} INFO - [2025-10-15T08:20:14.576+0000] {dag.py:3823} INFO - Setting next_dagrun for mlops_level1_pipeline to None, run_after=None
[2025-10-15T08:20:14.606+0000] {processor.py:183} INFO - Processing /opt/airflow/dags/mlops_level1_pipeline.py took 2.015 seconds
[2025-10-15T08:20:44.866+0000] {processor.py:161} INFO - Started process (PID=245) to work on /opt/airflow/dags/mlops_level1_pipeline.py
[2025-10-15T08:20:44.868+0000] {processor.py:830} INFO - Processing file /opt/airflow/dags/mlops_level1_pipeline.py for tasks to queue
[2025-10-15T08:20:44.871+0000] {logging_mixin.py:188} INFO - [2025-10-15T08:20:44.870+0000] {dagbag.py:538} INFO - Filling up the DagBag from /opt/airflow/dags/mlops_level1_pipeline.py
[2025-10-15T08:20:47.563+0000] {processor.py:840} INFO - DAG(s) 'mlops_level1_pipeline' retrieved from /opt/airflow/dags/mlops_level1_pipeline.py
[2025-10-15T08:20:47.607+0000] {logging_mixin.py:188} INFO - [2025-10-15T08:20:47.606+0000] {dag.py:3036} INFO - Sync 1 DAGs
[2025-10-15T08:20:47.625+0000] {logging_mixin.py:188} INFO - [2025-10-15T08:20:47.625+0000] {dag.py:3823} INFO - Setting next_dagrun for mlops_level1_pipeline to None, run_after=None
[2025-10-15T08:20:47.658+0000] {processor.py:183} INFO - Processing /opt/airflow/dags/mlops_level1_pipeline.py took 2.797 seconds
[2025-10-15T08:21:17.951+0000] {processor.py:161} INFO - Started process (PID=258) to work on /opt/airflow/dags/mlops_level1_pipeline.py
[2025-10-15T08:21:17.954+0000] {processor.py:830} INFO - Processing file /opt/airflow/dags/mlops_level1_pipeline.py for tasks to queue
[2025-10-15T08:21:17.956+0000] {logging_mixin.py:188} INFO - [2025-10-15T08:21:17.956+0000] {dagbag.py:538} INFO - Filling up the DagBag from /opt/airflow/dags/mlops_level1_pipeline.py
[2025-10-15T08:21:20.059+0000] {processor.py:840} INFO - DAG(s) 'mlops_level1_pipeline' retrieved from /opt/airflow/dags/mlops_level1_pipeline.py
[2025-10-15T08:21:20.101+0000] {logging_mixin.py:188} INFO - [2025-10-15T08:21:20.100+0000] {dag.py:3036} INFO - Sync 1 DAGs
[2025-10-15T08:21:20.116+0000] {logging_mixin.py:188} INFO - [2025-10-15T08:21:20.116+0000] {dag.py:3823} INFO - Setting next_dagrun for mlops_level1_pipeline to None, run_after=None
[2025-10-15T08:21:20.147+0000] {processor.py:183} INFO - Processing /opt/airflow/dags/mlops_level1_pipeline.py took 2.202 seconds
[2025-10-15T08:21:50.333+0000] {processor.py:161} INFO - Started process (PID=281) to work on /opt/airflow/dags/mlops_level1_pipeline.py
[2025-10-15T08:21:50.334+0000] {processor.py:830} INFO - Processing file /opt/airflow/dags/mlops_level1_pipeline.py for tasks to queue
[2025-10-15T08:21:50.335+0000] {logging_mixin.py:188} INFO - [2025-10-15T08:21:50.335+0000] {dagbag.py:538} INFO - Filling up the DagBag from /opt/airflow/dags/mlops_level1_pipeline.py
[2025-10-15T08:21:52.295+0000] {processor.py:840} INFO - DAG(s) 'mlops_level1_pipeline' retrieved from /opt/airflow/dags/mlops_level1_pipeline.py
[2025-10-15T08:21:52.340+0000] {logging_mixin.py:188} INFO - [2025-10-15T08:21:52.339+0000] {dag.py:3036} INFO - Sync 1 DAGs
[2025-10-15T08:21:52.357+0000] {logging_mixin.py:188} INFO - [2025-10-15T08:21:52.357+0000] {dag.py:3823} INFO - Setting next_dagrun for mlops_level1_pipeline to None, run_after=None
[2025-10-15T08:21:52.388+0000] {processor.py:183} INFO - Processing /opt/airflow/dags/mlops_level1_pipeline.py took 2.059 seconds
[2025-10-15T08:22:22.602+0000] {processor.py:161} INFO - Started process (PID=294) to work on /opt/airflow/dags/mlops_level1_pipeline.py
[2025-10-15T08:22:22.605+0000] {processor.py:830} INFO - Processing file /opt/airflow/dags/mlops_level1_pipeline.py for tasks to queue
[2025-10-15T08:22:22.606+0000] {logging_mixin.py:188} INFO - [2025-10-15T08:22:22.606+0000] {dagbag.py:538} INFO - Filling up the DagBag from /opt/airflow/dags/mlops_level1_pipeline.py
[2025-10-15T08:22:24.325+0000] {processor.py:840} INFO - DAG(s) 'mlops_level1_pipeline' retrieved from /opt/airflow/dags/mlops_level1_pipeline.py
[2025-10-15T08:22:24.453+0000] {logging_mixin.py:188} INFO - [2025-10-15T08:22:24.452+0000] {dag.py:3036} INFO - Sync 1 DAGs
[2025-10-15T08:22:24.466+0000] {logging_mixin.py:188} INFO - [2025-10-15T08:22:24.466+0000] {dag.py:3058} INFO - Creating ORM DAG for mlops_level1_pipeline
[2025-10-15T08:22:24.468+0000] {logging_mixin.py:188} INFO - [2025-10-15T08:22:24.467+0000] {dag.py:3823} INFO - Setting next_dagrun for mlops_level1_pipeline to None, run_after=None
[2025-10-15T08:22:24.499+0000] {processor.py:183} INFO - Processing /opt/airflow/dags/mlops_level1_pipeline.py took 1.902 seconds
[2025-10-15T08:22:54.799+0000] {processor.py:161} INFO - Started process (PID=307) to work on /opt/airflow/dags/mlops_level1_pipeline.py
[2025-10-15T08:22:54.800+0000] {processor.py:830} INFO - Processing file /opt/airflow/dags/mlops_level1_pipeline.py for tasks to queue
[2025-10-15T08:22:54.802+0000] {logging_mixin.py:188} INFO - [2025-10-15T08:22:54.801+0000] {dagbag.py:538} INFO - Filling up the DagBag from /opt/airflow/dags/mlops_level1_pipeline.py
[2025-10-15T08:22:56.730+0000] {processor.py:840} INFO - DAG(s) 'mlops_level1_pipeline' retrieved from /opt/airflow/dags/mlops_level1_pipeline.py
[2025-10-15T08:22:56.765+0000] {logging_mixin.py:188} INFO - [2025-10-15T08:22:56.764+0000] {dag.py:3036} INFO - Sync 1 DAGs
[2025-10-15T08:22:56.781+0000] {logging_mixin.py:188} INFO - [2025-10-15T08:22:56.781+0000] {dag.py:3823} INFO - Setting next_dagrun for mlops_level1_pipeline to None, run_after=None
[2025-10-15T08:22:56.812+0000] {processor.py:183} INFO - Processing /opt/airflow/dags/mlops_level1_pipeline.py took 2.017 seconds
[2025-10-15T08:23:27.052+0000] {processor.py:161} INFO - Started process (PID=320) to work on /opt/airflow/dags/mlops_level1_pipeline.py
[2025-10-15T08:23:27.054+0000] {processor.py:830} INFO - Processing file /opt/airflow/dags/mlops_level1_pipeline.py for tasks to queue
[2025-10-15T08:23:27.055+0000] {logging_mixin.py:188} INFO - [2025-10-15T08:23:27.055+0000] {dagbag.py:538} INFO - Filling up the DagBag from /opt/airflow/dags/mlops_level1_pipeline.py
[2025-10-15T08:23:28.483+0000] {processor.py:840} INFO - DAG(s) 'mlops_level1_pipeline' retrieved from /opt/airflow/dags/mlops_level1_pipeline.py
[2025-10-15T08:23:28.513+0000] {logging_mixin.py:188} INFO - [2025-10-15T08:23:28.513+0000] {dag.py:3036} INFO - Sync 1 DAGs
[2025-10-15T08:23:28.523+0000] {logging_mixin.py:188} INFO - [2025-10-15T08:23:28.523+0000] {dag.py:3823} INFO - Setting next_dagrun for mlops_level1_pipeline to None, run_after=None
[2025-10-15T08:23:28.547+0000] {processor.py:183} INFO - Processing /opt/airflow/dags/mlops_level1_pipeline.py took 1.498 seconds
[2025-10-15T08:23:58.813+0000] {processor.py:161} INFO - Started process (PID=333) to work on /opt/airflow/dags/mlops_level1_pipeline.py
[2025-10-15T08:23:58.814+0000] {processor.py:830} INFO - Processing file /opt/airflow/dags/mlops_level1_pipeline.py for tasks to queue
[2025-10-15T08:23:58.816+0000] {logging_mixin.py:188} INFO - [2025-10-15T08:23:58.815+0000] {dagbag.py:538} INFO - Filling up the DagBag from /opt/airflow/dags/mlops_level1_pipeline.py
[2025-10-15T08:24:00.670+0000] {processor.py:840} INFO - DAG(s) 'mlops_level1_pipeline' retrieved from /opt/airflow/dags/mlops_level1_pipeline.py
[2025-10-15T08:24:00.705+0000] {logging_mixin.py:188} INFO - [2025-10-15T08:24:00.704+0000] {dag.py:3036} INFO - Sync 1 DAGs
[2025-10-15T08:24:00.716+0000] {logging_mixin.py:188} INFO - [2025-10-15T08:24:00.715+0000] {dag.py:3823} INFO - Setting next_dagrun for mlops_level1_pipeline to None, run_after=None
[2025-10-15T08:24:00.740+0000] {processor.py:183} INFO - Processing /opt/airflow/dags/mlops_level1_pipeline.py took 1.932 seconds
[2025-10-15T08:24:30.988+0000] {processor.py:161} INFO - Started process (PID=346) to work on /opt/airflow/dags/mlops_level1_pipeline.py
[2025-10-15T08:24:30.989+0000] {processor.py:830} INFO - Processing file /opt/airflow/dags/mlops_level1_pipeline.py for tasks to queue
[2025-10-15T08:24:30.990+0000] {logging_mixin.py:188} INFO - [2025-10-15T08:24:30.990+0000] {dagbag.py:538} INFO - Filling up the DagBag from /opt/airflow/dags/mlops_level1_pipeline.py
[2025-10-15T08:24:32.510+0000] {processor.py:840} INFO - DAG(s) 'mlops_level1_pipeline' retrieved from /opt/airflow/dags/mlops_level1_pipeline.py
[2025-10-15T08:24:32.541+0000] {logging_mixin.py:188} INFO - [2025-10-15T08:24:32.541+0000] {dag.py:3036} INFO - Sync 1 DAGs
[2025-10-15T08:24:32.558+0000] {logging_mixin.py:188} INFO - [2025-10-15T08:24:32.558+0000] {dag.py:3823} INFO - Setting next_dagrun for mlops_level1_pipeline to None, run_after=None
[2025-10-15T08:24:32.586+0000] {processor.py:183} INFO - Processing /opt/airflow/dags/mlops_level1_pipeline.py took 1.603 seconds
[2025-10-15T08:25:02.730+0000] {processor.py:161} INFO - Started process (PID=359) to work on /opt/airflow/dags/mlops_level1_pipeline.py
[2025-10-15T08:25:02.732+0000] {processor.py:830} INFO - Processing file /opt/airflow/dags/mlops_level1_pipeline.py for tasks to queue
[2025-10-15T08:25:02.733+0000] {logging_mixin.py:188} INFO - [2025-10-15T08:25:02.733+0000] {dagbag.py:538} INFO - Filling up the DagBag from /opt/airflow/dags/mlops_level1_pipeline.py
[2025-10-15T08:25:04.152+0000] {processor.py:840} INFO - DAG(s) 'mlops_level1_pipeline' retrieved from /opt/airflow/dags/mlops_level1_pipeline.py
[2025-10-15T08:25:04.182+0000] {logging_mixin.py:188} INFO - [2025-10-15T08:25:04.182+0000] {dag.py:3036} INFO - Sync 1 DAGs
[2025-10-15T08:25:04.194+0000] {logging_mixin.py:188} INFO - [2025-10-15T08:25:04.193+0000] {dag.py:3823} INFO - Setting next_dagrun for mlops_level1_pipeline to None, run_after=None
[2025-10-15T08:25:04.217+0000] {processor.py:183} INFO - Processing /opt/airflow/dags/mlops_level1_pipeline.py took 1.494 seconds
[2025-10-15T08:25:34.505+0000] {processor.py:161} INFO - Started process (PID=372) to work on /opt/airflow/dags/mlops_level1_pipeline.py
[2025-10-15T08:25:34.506+0000] {processor.py:830} INFO - Processing file /opt/airflow/dags/mlops_level1_pipeline.py for tasks to queue
[2025-10-15T08:25:34.508+0000] {logging_mixin.py:188} INFO - [2025-10-15T08:25:34.507+0000] {dagbag.py:538} INFO - Filling up the DagBag from /opt/airflow/dags/mlops_level1_pipeline.py
[2025-10-15T08:25:36.162+0000] {processor.py:840} INFO - DAG(s) 'mlops_level1_pipeline' retrieved from /opt/airflow/dags/mlops_level1_pipeline.py
[2025-10-15T08:25:36.191+0000] {logging_mixin.py:188} INFO - [2025-10-15T08:25:36.191+0000] {dag.py:3036} INFO - Sync 1 DAGs
[2025-10-15T08:25:36.204+0000] {logging_mixin.py:188} INFO - [2025-10-15T08:25:36.203+0000] {dag.py:3823} INFO - Setting next_dagrun for mlops_level1_pipeline to None, run_after=None
[2025-10-15T08:25:36.236+0000] {processor.py:183} INFO - Processing /opt/airflow/dags/mlops_level1_pipeline.py took 1.735 seconds
[2025-10-15T08:26:06.490+0000] {processor.py:161} INFO - Started process (PID=385) to work on /opt/airflow/dags/mlops_level1_pipeline.py
[2025-10-15T08:26:06.492+0000] {processor.py:830} INFO - Processing file /opt/airflow/dags/mlops_level1_pipeline.py for tasks to queue
[2025-10-15T08:26:06.493+0000] {logging_mixin.py:188} INFO - [2025-10-15T08:26:06.493+0000] {dagbag.py:538} INFO - Filling up the DagBag from /opt/airflow/dags/mlops_level1_pipeline.py
[2025-10-15T08:26:08.228+0000] {processor.py:840} INFO - DAG(s) 'mlops_level1_pipeline' retrieved from /opt/airflow/dags/mlops_level1_pipeline.py
[2025-10-15T08:26:08.259+0000] {logging_mixin.py:188} INFO - [2025-10-15T08:26:08.258+0000] {dag.py:3036} INFO - Sync 1 DAGs
[2025-10-15T08:26:08.271+0000] {logging_mixin.py:188} INFO - [2025-10-15T08:26:08.271+0000] {dag.py:3823} INFO - Setting next_dagrun for mlops_level1_pipeline to None, run_after=None
[2025-10-15T08:26:08.296+0000] {processor.py:183} INFO - Processing /opt/airflow/dags/mlops_level1_pipeline.py took 1.816 seconds
[2025-10-15T08:26:38.493+0000] {processor.py:161} INFO - Started process (PID=398) to work on /opt/airflow/dags/mlops_level1_pipeline.py
[2025-10-15T08:26:38.495+0000] {processor.py:830} INFO - Processing file /opt/airflow/dags/mlops_level1_pipeline.py for tasks to queue
[2025-10-15T08:26:38.498+0000] {logging_mixin.py:188} INFO - [2025-10-15T08:26:38.497+0000] {dagbag.py:538} INFO - Filling up the DagBag from /opt/airflow/dags/mlops_level1_pipeline.py
[2025-10-15T08:26:40.900+0000] {processor.py:840} INFO - DAG(s) 'mlops_level1_pipeline' retrieved from /opt/airflow/dags/mlops_level1_pipeline.py
[2025-10-15T08:26:40.937+0000] {logging_mixin.py:188} INFO - [2025-10-15T08:26:40.936+0000] {dag.py:3036} INFO - Sync 1 DAGs
[2025-10-15T08:26:40.955+0000] {logging_mixin.py:188} INFO - [2025-10-15T08:26:40.955+0000] {dag.py:3823} INFO - Setting next_dagrun for mlops_level1_pipeline to None, run_after=None
[2025-10-15T08:26:40.987+0000] {processor.py:183} INFO - Processing /opt/airflow/dags/mlops_level1_pipeline.py took 2.498 seconds
[2025-10-15T08:27:11.267+0000] {processor.py:161} INFO - Started process (PID=411) to work on /opt/airflow/dags/mlops_level1_pipeline.py
[2025-10-15T08:27:11.269+0000] {processor.py:830} INFO - Processing file /opt/airflow/dags/mlops_level1_pipeline.py for tasks to queue
[2025-10-15T08:27:11.270+0000] {logging_mixin.py:188} INFO - [2025-10-15T08:27:11.270+0000] {dagbag.py:538} INFO - Filling up the DagBag from /opt/airflow/dags/mlops_level1_pipeline.py
[2025-10-15T08:27:12.921+0000] {processor.py:840} INFO - DAG(s) 'mlops_level1_pipeline' retrieved from /opt/airflow/dags/mlops_level1_pipeline.py
[2025-10-15T08:27:12.951+0000] {logging_mixin.py:188} INFO - [2025-10-15T08:27:12.950+0000] {dag.py:3036} INFO - Sync 1 DAGs
[2025-10-15T08:27:12.968+0000] {logging_mixin.py:188} INFO - [2025-10-15T08:27:12.967+0000] {dag.py:3823} INFO - Setting next_dagrun for mlops_level1_pipeline to None, run_after=None
[2025-10-15T08:27:12.997+0000] {processor.py:183} INFO - Processing /opt/airflow/dags/mlops_level1_pipeline.py took 1.734 seconds
[2025-10-15T08:27:43.258+0000] {processor.py:161} INFO - Started process (PID=424) to work on /opt/airflow/dags/mlops_level1_pipeline.py
[2025-10-15T08:27:43.259+0000] {processor.py:830} INFO - Processing file /opt/airflow/dags/mlops_level1_pipeline.py for tasks to queue
[2025-10-15T08:27:43.261+0000] {logging_mixin.py:188} INFO - [2025-10-15T08:27:43.260+0000] {dagbag.py:538} INFO - Filling up the DagBag from /opt/airflow/dags/mlops_level1_pipeline.py
[2025-10-15T08:27:44.815+0000] {processor.py:840} INFO - DAG(s) 'mlops_level1_pipeline' retrieved from /opt/airflow/dags/mlops_level1_pipeline.py
[2025-10-15T08:27:44.854+0000] {logging_mixin.py:188} INFO - [2025-10-15T08:27:44.852+0000] {dag.py:3036} INFO - Sync 1 DAGs
[2025-10-15T08:27:44.865+0000] {logging_mixin.py:188} INFO - [2025-10-15T08:27:44.865+0000] {dag.py:3823} INFO - Setting next_dagrun for mlops_level1_pipeline to None, run_after=None
[2025-10-15T08:27:44.893+0000] {processor.py:183} INFO - Processing /opt/airflow/dags/mlops_level1_pipeline.py took 1.639 seconds
[2025-10-15T08:28:15.161+0000] {processor.py:161} INFO - Started process (PID=437) to work on /opt/airflow/dags/mlops_level1_pipeline.py
[2025-10-15T08:28:15.163+0000] {processor.py:830} INFO - Processing file /opt/airflow/dags/mlops_level1_pipeline.py for tasks to queue
[2025-10-15T08:28:15.165+0000] {logging_mixin.py:188} INFO - [2025-10-15T08:28:15.164+0000] {dagbag.py:538} INFO - Filling up the DagBag from /opt/airflow/dags/mlops_level1_pipeline.py
[2025-10-15T08:28:16.562+0000] {processor.py:840} INFO - DAG(s) 'mlops_level1_pipeline' retrieved from /opt/airflow/dags/mlops_level1_pipeline.py
[2025-10-15T08:28:16.587+0000] {logging_mixin.py:188} INFO - [2025-10-15T08:28:16.587+0000] {dag.py:3036} INFO - Sync 1 DAGs
[2025-10-15T08:28:16.597+0000] {logging_mixin.py:188} INFO - [2025-10-15T08:28:16.597+0000] {dag.py:3823} INFO - Setting next_dagrun for mlops_level1_pipeline to None, run_after=None
[2025-10-15T08:28:16.621+0000] {processor.py:183} INFO - Processing /opt/airflow/dags/mlops_level1_pipeline.py took 1.462 seconds
[2025-10-15T08:28:46.705+0000] {processor.py:161} INFO - Started process (PID=450) to work on /opt/airflow/dags/mlops_level1_pipeline.py
[2025-10-15T08:28:46.707+0000] {processor.py:830} INFO - Processing file /opt/airflow/dags/mlops_level1_pipeline.py for tasks to queue
[2025-10-15T08:28:46.708+0000] {logging_mixin.py:188} INFO - [2025-10-15T08:28:46.707+0000] {dagbag.py:538} INFO - Filling up the DagBag from /opt/airflow/dags/mlops_level1_pipeline.py
[2025-10-15T08:28:48.190+0000] {processor.py:840} INFO - DAG(s) 'mlops_level1_pipeline' retrieved from /opt/airflow/dags/mlops_level1_pipeline.py
[2025-10-15T08:28:48.222+0000] {logging_mixin.py:188} INFO - [2025-10-15T08:28:48.221+0000] {dag.py:3036} INFO - Sync 1 DAGs
[2025-10-15T08:28:48.239+0000] {logging_mixin.py:188} INFO - [2025-10-15T08:28:48.239+0000] {dag.py:3823} INFO - Setting next_dagrun for mlops_level1_pipeline to None, run_after=None
[2025-10-15T08:28:48.277+0000] {processor.py:183} INFO - Processing /opt/airflow/dags/mlops_level1_pipeline.py took 1.576 seconds
[2025-10-15T08:29:18.536+0000] {processor.py:161} INFO - Started process (PID=463) to work on /opt/airflow/dags/mlops_level1_pipeline.py
[2025-10-15T08:29:18.537+0000] {processor.py:830} INFO - Processing file /opt/airflow/dags/mlops_level1_pipeline.py for tasks to queue
[2025-10-15T08:29:18.538+0000] {logging_mixin.py:188} INFO - [2025-10-15T08:29:18.538+0000] {dagbag.py:538} INFO - Filling up the DagBag from /opt/airflow/dags/mlops_level1_pipeline.py
[2025-10-15T08:29:19.940+0000] {processor.py:840} INFO - DAG(s) 'mlops_level1_pipeline' retrieved from /opt/airflow/dags/mlops_level1_pipeline.py
[2025-10-15T08:29:19.967+0000] {logging_mixin.py:188} INFO - [2025-10-15T08:29:19.966+0000] {dag.py:3036} INFO - Sync 1 DAGs
[2025-10-15T08:29:19.978+0000] {logging_mixin.py:188} INFO - [2025-10-15T08:29:19.977+0000] {dag.py:3823} INFO - Setting next_dagrun for mlops_level1_pipeline to None, run_after=None
[2025-10-15T08:29:20.000+0000] {processor.py:183} INFO - Processing /opt/airflow/dags/mlops_level1_pipeline.py took 1.468 seconds
[2025-10-15T08:29:50.272+0000] {processor.py:161} INFO - Started process (PID=476) to work on /opt/airflow/dags/mlops_level1_pipeline.py
[2025-10-15T08:29:50.273+0000] {processor.py:830} INFO - Processing file /opt/airflow/dags/mlops_level1_pipeline.py for tasks to queue
[2025-10-15T08:29:50.274+0000] {logging_mixin.py:188} INFO - [2025-10-15T08:29:50.273+0000] {dagbag.py:538} INFO - Filling up the DagBag from /opt/airflow/dags/mlops_level1_pipeline.py
[2025-10-15T08:29:51.635+0000] {processor.py:840} INFO - DAG(s) 'mlops_level1_pipeline' retrieved from /opt/airflow/dags/mlops_level1_pipeline.py
[2025-10-15T08:29:51.672+0000] {logging_mixin.py:188} INFO - [2025-10-15T08:29:51.671+0000] {dag.py:3036} INFO - Sync 1 DAGs
[2025-10-15T08:29:51.685+0000] {logging_mixin.py:188} INFO - [2025-10-15T08:29:51.685+0000] {dag.py:3823} INFO - Setting next_dagrun for mlops_level1_pipeline to None, run_after=None
[2025-10-15T08:29:51.709+0000] {processor.py:183} INFO - Processing /opt/airflow/dags/mlops_level1_pipeline.py took 1.440 seconds
[2025-10-15T08:30:21.958+0000] {processor.py:161} INFO - Started process (PID=489) to work on /opt/airflow/dags/mlops_level1_pipeline.py
[2025-10-15T08:30:21.960+0000] {processor.py:830} INFO - Processing file /opt/airflow/dags/mlops_level1_pipeline.py for tasks to queue
[2025-10-15T08:30:21.961+0000] {logging_mixin.py:188} INFO - [2025-10-15T08:30:21.961+0000] {dagbag.py:538} INFO - Filling up the DagBag from /opt/airflow/dags/mlops_level1_pipeline.py
[2025-10-15T08:30:23.372+0000] {processor.py:840} INFO - DAG(s) 'mlops_level1_pipeline' retrieved from /opt/airflow/dags/mlops_level1_pipeline.py
[2025-10-15T08:30:23.400+0000] {logging_mixin.py:188} INFO - [2025-10-15T08:30:23.399+0000] {dag.py:3036} INFO - Sync 1 DAGs
[2025-10-15T08:30:23.412+0000] {logging_mixin.py:188} INFO - [2025-10-15T08:30:23.412+0000] {dag.py:3823} INFO - Setting next_dagrun for mlops_level1_pipeline to None, run_after=None
[2025-10-15T08:30:23.440+0000] {processor.py:183} INFO - Processing /opt/airflow/dags/mlops_level1_pipeline.py took 1.485 seconds
